<?xml version="1.0" encoding="UTF-8"?>
<beans xmlns="http://www.springframework.org/schema/beans"
	xmlns:xsi="http://www.w3.org/2001/XMLSchema-instance"
	xmlns:p="http://www.springframework.org/schema/p"
	xmlns:aop="http://www.springframework.org/schema/aop"
	xmlns:context="http://www.springframework.org/schema/context"
	xmlns:jee="http://www.springframework.org/schema/jee"
	xmlns:tx="http://www.springframework.org/schema/tx"
	xmlns:task="http://www.springframework.org/schema/task"
	xsi:schemaLocation="
            http://www.springframework.org/schema/aop http://www.springframework.org/schema/aop/spring-aop.xsd
            http://www.springframework.org/schema/beans http://www.springframework.org/schema/beans/spring-beans.xsd
            http://www.springframework.org/schema/context http://www.springframework.org/schema/context/spring-context.xsd
            http://www.springframework.org/schema/jee http://www.springframework.org/schema/jee/spring-jee.xsd
            http://www.springframework.org/schema/task http://www.springframework.org/schema/task/spring-task.xsd">

	<import resource="log-config.xml" />
	<import resource="jackson-config.xml" />
	<import resource="mvc-config.xml" />
	<import resource="validation-config.xml" />
	<import resource="security-core-config.xml" />
	<import resource="security-config.xml" />
	<import resource="reports-config.xml" />
	<import resource="pif-config.xml" />
	<import resource="service-config.xml" />
	<import resource="dao-config.xml" />

</beans>